<?xml version="1.0" encoding="UTF-8"?>
<!-- Generated by org.testng.reporters.JUnitReportReporter -->
<testsuite skipped="0" hostname="DHIRAJ-LAPTOP" name="com.index.TestPage.TestPageLogin" tests="6" failures="0" timestamp="12 Jan 2020 06:15:54 GMT" time="1.654" errors="0">
  <testcase name="HomePage" time="0.594" classname="com.index.TestPage.TestPageLogin"/>
  <testcase name="ListItemTest" time="0.005" classname="com.index.TestPage.TestPageLogin"/>
  <testcase name="DropDownItemTest" time="0.250" classname="com.index.TestPage.TestPageLogin"/>
  <testcase name="ButtonTest1" time="0.070" classname="com.index.TestPage.TestPageLogin"/>
  <testcase name="ButtonTest2" time="0.697" classname="com.index.TestPage.TestPageLogin"/>
  <testcase name="TableTest" time="0.038" classname="com.index.TestPage.TestPageLogin"/>
</testsuite> <!-- com.index.TestPage.TestPageLogin -->
