<?xml version="1.0" encoding="UTF-8"?>
<!-- Generated by org.testng.reporters.JUnitReportReporter -->
<testsuite skipped="0" hostname="DHIRAJ-LAPTOP" name="assignment.ZainAssignment" tests="7" failures="0" timestamp="02 Mar 2020 15:58:31 GMT" time="6.873" errors="0">
  <testcase name="usernamepassword" time="0.656" classname="assignment.ZainAssignment"/>
  <testcase name="ListItem" time="0.188" classname="assignment.ZainAssignment"/>
  <testcase name="DropDown" time="0.348" classname="assignment.ZainAssignment"/>
  <testcase name="ButtonTest1" time="0.129" classname="assignment.ZainAssignment"/>
  <testcase name="ButtonTest2" time="4.620" classname="assignment.ZainAssignment"/>
  <testcase name="TableTest1" time="0.097" classname="assignment.ZainAssignment"/>
  <testcase name="TableTest2" time="0.835" classname="assignment.ZainAssignment"/>
</testsuite> <!-- assignment.ZainAssignment -->
